[backblue.gif]
[fade.gif]
[index.html]
[openbook.rheinwerk-verlag.de/linux_unix_programmierung/common/rw_openbook.gif]
[openbook.rheinwerk-verlag.de/linux_unix_programmierung/common/rw_computing.gif]
[openbook.rheinwerk-verlag.de/linux_unix_programmierung/common/spacer10.gif]
[openbook.rheinwerk-verlag.de/linux_unix_programmierung/common/9783898427494.gif]
[openbook.rheinwerk-verlag.de/linux_unix_programmierung/common/pfeil_rechts5.gif]
[openbook.rheinwerk-verlag.de/linux_unix_programmierung/common/top.gif]
[openbook.rheinwerk-verlag.de/linux_unix_programmierung/common/leer.gif]
[openbook.rheinwerk-verlag.de/linux_unix_programmierung/common/749.gif]
[openbook.rheinwerk-verlag.de/linux_unix_programmierung/common/3020.gif]
[openbook.rheinwerk-verlag.de/linux_unix_programmierung/common/3529.gif]
[openbook.rheinwerk-verlag.de/linux_unix_programmierung/common/2542.gif]
[openbook.rheinwerk-verlag.de/linux_unix_programmierung/common/2310.gif]
[openbook.rheinwerk-verlag.de/linux_unix_programmierung/common/2591.gif]
[openbook.rheinwerk-verlag.de/linux_unix_programmierung/index.html]
[openbook.rheinwerk-verlag.de/linux_unix_programmierung/common/gp.gif]
[openbook.rheinwerk-verlag.de/linux_unix_programmierung/common/back_blau_weiss.gif]
[openbook.rheinwerk-verlag.de/linux_unix_programmierung/common/rw_open.css]
[openbook.rheinwerk-verlag.de/linux_unix_programmierung/common/pfeil_u.gif]
[openbook.rheinwerk-verlag.de/linux_unix_programmierung/common/15x15leer.gif]
[openbook.rheinwerk-verlag.de/linux_unix_programmierung/Kap00a-000.html]
[openbook.rheinwerk-verlag.de/linux_unix_programmierung/index-2.html]
[openbook.rheinwerk-verlag.de/linux_unix_programmierung/bilder/icke_sw.gif]
[openbook.rheinwerk-verlag.de/linux_unix_programmierung/bilderklein/kleinicke_sw.gif]
[openbook.rheinwerk-verlag.de/linux_unix_programmierung/bilder/jan_sw.gif]
[openbook.rheinwerk-verlag.de/linux_unix_programmierung/bilderklein/kleinjan_sw.gif]
[openbook.rheinwerk-verlag.de/linux_unix_programmierung/Kap00b-000.html]
[openbook.rheinwerk-verlag.de/linux_unix_programmierung/Kap01-000.html]
[openbook.rheinwerk-verlag.de/linux_unix_programmierung/Kap02-000.html]
[openbook.rheinwerk-verlag.de/linux_unix_programmierung/common/down.gif]
[openbook.rheinwerk-verlag.de/linux_unix_programmierung/Kap03-000.html]
[openbook.rheinwerk-verlag.de/linux_unix_programmierung/Kap04-000.html]
[openbook.rheinwerk-verlag.de/linux_unix_programmierung/Kap05-000.html]
[openbook.rheinwerk-verlag.de/linux_unix_programmierung/Kap06-000.html]
[openbook.rheinwerk-verlag.de/linux_unix_programmierung/Kap07-000.html]
[openbook.rheinwerk-verlag.de/linux_unix_programmierung/bilder/8_1.gif]
[openbook.rheinwerk-verlag.de/linux_unix_programmierung/bilderklein/klein8_1.gif]
[openbook.rheinwerk-verlag.de/linux_unix_programmierung/Kap08-000.html]
[openbook.rheinwerk-verlag.de/linux_unix_programmierung/bilder/9_1.gif]
[openbook.rheinwerk-verlag.de/linux_unix_programmierung/bilderklein/klein9_1.gif]
[openbook.rheinwerk-verlag.de/linux_unix_programmierung/bilder/9_2.gif]
[openbook.rheinwerk-verlag.de/linux_unix_programmierung/bilderklein/klein9_2.gif]
[openbook.rheinwerk-verlag.de/linux_unix_programmierung/bilder/9_3.gif]
[openbook.rheinwerk-verlag.de/linux_unix_programmierung/bilderklein/klein9_3.gif]
[openbook.rheinwerk-verlag.de/linux_unix_programmierung/bilder/9_4.gif]
[openbook.rheinwerk-verlag.de/linux_unix_programmierung/bilderklein/klein9_4.gif]
[openbook.rheinwerk-verlag.de/linux_unix_programmierung/Kap09-000.html]
[openbook.rheinwerk-verlag.de/linux_unix_programmierung/Kap10-000.html]
[openbook.rheinwerk-verlag.de/linux_unix_programmierung/Kap11-000.html]
[openbook.rheinwerk-verlag.de/linux_unix_programmierung/Kap12-000.html]
[openbook.rheinwerk-verlag.de/linux_unix_programmierung/Kap13-000.html]
[openbook.rheinwerk-verlag.de/linux_unix_programmierung/Kap14-000.html]
[openbook.rheinwerk-verlag.de/linux_unix_programmierung/bilder/15_1.gif]
[openbook.rheinwerk-verlag.de/linux_unix_programmierung/bilderklein/klein15_1.gif]
[openbook.rheinwerk-verlag.de/linux_unix_programmierung/Kap15-000.html]
[openbook.rheinwerk-verlag.de/linux_unix_programmierung/Kap16-000.html]
[openbook.rheinwerk-verlag.de/linux_unix_programmierung/bilder/17_1.gif]
[openbook.rheinwerk-verlag.de/linux_unix_programmierung/bilderklein/klein17_1.gif]
[openbook.rheinwerk-verlag.de/linux_unix_programmierung/Kap17-000.html]
[openbook.rheinwerk-verlag.de/linux_unix_programmierung/Kap18A-000.html]
[openbook.rheinwerk-verlag.de/linux_unix_programmierung/Kap18B-000.html]
[openbook.rheinwerk-verlag.de/linux_unix_programmierung/Kap18C-000.html]
[openbook.rheinwerk-verlag.de/linux_unix_programmierung/stichwort.html]
[openbook.rheinwerk-verlag.de/linux_unix_programmierung/Kap00a-001.html]
[openbook.rheinwerk-verlag.de/linux_unix_programmierung/Kap01-001.html]
[openbook.rheinwerk-verlag.de/linux_unix_programmierung/Kap01-002.html]
[openbook.rheinwerk-verlag.de/linux_unix_programmierung/Kap01-003.html]
[openbook.rheinwerk-verlag.de/linux_unix_programmierung/Kap01-004.html]
[openbook.rheinwerk-verlag.de/linux_unix_programmierung/Kap01-005.html]
[openbook.rheinwerk-verlag.de/linux_unix_programmierung/Kap01-006.html]
[openbook.rheinwerk-verlag.de/linux_unix_programmierung/Kap01-007.html]
[openbook.rheinwerk-verlag.de/linux_unix_programmierung/Kap01-008.html]
[openbook.rheinwerk-verlag.de/linux_unix_programmierung/Kap01-009.html]
[openbook.rheinwerk-verlag.de/linux_unix_programmierung/Kap02-001.html]
[openbook.rheinwerk-verlag.de/linux_unix_programmierung/Kap02-002.html]
[openbook.rheinwerk-verlag.de/linux_unix_programmierung/Kap02-003.html]
[openbook.rheinwerk-verlag.de/linux_unix_programmierung/Kap02-004.html]
[openbook.rheinwerk-verlag.de/linux_unix_programmierung/Kap02-005.html]
[openbook.rheinwerk-verlag.de/linux_unix_programmierung/Kap02-006.html]
[openbook.rheinwerk-verlag.de/linux_unix_programmierung/Kap04-001.html]
[openbook.rheinwerk-verlag.de/linux_unix_programmierung/Kap04-002.html]
[openbook.rheinwerk-verlag.de/linux_unix_programmierung/Kap04-003.html]
[openbook.rheinwerk-verlag.de/linux_unix_programmierung/Kap04-004.html]
[openbook.rheinwerk-verlag.de/linux_unix_programmierung/Kap04-005.html]
[openbook.rheinwerk-verlag.de/linux_unix_programmierung/Kap05-001.html]
[openbook.rheinwerk-verlag.de/linux_unix_programmierung/Kap05-002.html]
[openbook.rheinwerk-verlag.de/linux_unix_programmierung/Kap05-003.html]
[openbook.rheinwerk-verlag.de/linux_unix_programmierung/Kap05-004.html]
[openbook.rheinwerk-verlag.de/linux_unix_programmierung/Kap05-005.html]
[openbook.rheinwerk-verlag.de/linux_unix_programmierung/Kap06-001.html]
[openbook.rheinwerk-verlag.de/linux_unix_programmierung/Kap06-002.html]
[openbook.rheinwerk-verlag.de/linux_unix_programmierung/Kap06-003.html]
[openbook.rheinwerk-verlag.de/linux_unix_programmierung/Kap06-004.html]
[openbook.rheinwerk-verlag.de/linux_unix_programmierung/Kap06-005.html]
[openbook.rheinwerk-verlag.de/linux_unix_programmierung/Kap07-001.html]
[openbook.rheinwerk-verlag.de/linux_unix_programmierung/Kap07-002.html]
[openbook.rheinwerk-verlag.de/linux_unix_programmierung/Kap07-003.html]
[openbook.rheinwerk-verlag.de/linux_unix_programmierung/Kap07-004.html]
[openbook.rheinwerk-verlag.de/linux_unix_programmierung/Kap07-005.html]
[openbook.rheinwerk-verlag.de/linux_unix_programmierung/Kap07-006.html]
[openbook.rheinwerk-verlag.de/linux_unix_programmierung/Kap07-007.html]
[openbook.rheinwerk-verlag.de/linux_unix_programmierung/bilder/7_1.gif]
[openbook.rheinwerk-verlag.de/linux_unix_programmierung/bilderklein/klein7_1.gif]
[openbook.rheinwerk-verlag.de/linux_unix_programmierung/Kap07-008.html]
[openbook.rheinwerk-verlag.de/linux_unix_programmierung/Kap07-009.html]
[openbook.rheinwerk-verlag.de/linux_unix_programmierung/Kap07-010.html]
[openbook.rheinwerk-verlag.de/linux_unix_programmierung/Kap07-011.html]
[openbook.rheinwerk-verlag.de/linux_unix_programmierung/Kap07-012.html]
[openbook.rheinwerk-verlag.de/linux_unix_programmierung/Kap07-013.html]
[openbook.rheinwerk-verlag.de/linux_unix_programmierung/Kap08-001.html]
[openbook.rheinwerk-verlag.de/linux_unix_programmierung/Kap08-002.html]
[openbook.rheinwerk-verlag.de/linux_unix_programmierung/Kap08-003.html]
[openbook.rheinwerk-verlag.de/linux_unix_programmierung/Kap08-004.html]
[openbook.rheinwerk-verlag.de/linux_unix_programmierung/Kap08-005.html]
[openbook.rheinwerk-verlag.de/linux_unix_programmierung/Kap08-006.html]
[openbook.rheinwerk-verlag.de/linux_unix_programmierung/Kap08-007.html]
[openbook.rheinwerk-verlag.de/linux_unix_programmierung/Kap08-008.html]
[openbook.rheinwerk-verlag.de/linux_unix_programmierung/Kap08-009.html]
[openbook.rheinwerk-verlag.de/linux_unix_programmierung/Kap08-010.html]
[openbook.rheinwerk-verlag.de/linux_unix_programmierung/Kap08-011.html]
[openbook.rheinwerk-verlag.de/linux_unix_programmierung/Kap08-012.html]
[openbook.rheinwerk-verlag.de/linux_unix_programmierung/Kap09-001.html]
[openbook.rheinwerk-verlag.de/linux_unix_programmierung/bilder/9_5.gif]
[openbook.rheinwerk-verlag.de/linux_unix_programmierung/bilderklein/klein9_5.gif]
[openbook.rheinwerk-verlag.de/linux_unix_programmierung/bilder/9_6.gif]
[openbook.rheinwerk-verlag.de/linux_unix_programmierung/bilderklein/klein9_6.gif]
[openbook.rheinwerk-verlag.de/linux_unix_programmierung/bilder/9_7.gif]
[openbook.rheinwerk-verlag.de/linux_unix_programmierung/bilderklein/klein9_7.gif]
[openbook.rheinwerk-verlag.de/linux_unix_programmierung/bilder/9_8.gif]
[openbook.rheinwerk-verlag.de/linux_unix_programmierung/bilderklein/klein9_8.gif]
[openbook.rheinwerk-verlag.de/linux_unix_programmierung/bilder/9_9.gif]
[openbook.rheinwerk-verlag.de/linux_unix_programmierung/bilderklein/klein9_9.gif]
[openbook.rheinwerk-verlag.de/linux_unix_programmierung/bilder/9_10.gif]
[openbook.rheinwerk-verlag.de/linux_unix_programmierung/bilderklein/klein9_10.gif]
[openbook.rheinwerk-verlag.de/linux_unix_programmierung/bilder/9_11.gif]
[openbook.rheinwerk-verlag.de/linux_unix_programmierung/bilderklein/klein9_11.gif]
[openbook.rheinwerk-verlag.de/linux_unix_programmierung/Kap09-002.html]
[openbook.rheinwerk-verlag.de/linux_unix_programmierung/Kap09-003.html]
[openbook.rheinwerk-verlag.de/linux_unix_programmierung/Kap09-004.html]
[openbook.rheinwerk-verlag.de/linux_unix_programmierung/Kap09-005.html]
[openbook.rheinwerk-verlag.de/linux_unix_programmierung/Kap09-006.html]
[openbook.rheinwerk-verlag.de/linux_unix_programmierung/Kap10-001.html]
[openbook.rheinwerk-verlag.de/linux_unix_programmierung/Kap10-002.html]
[openbook.rheinwerk-verlag.de/linux_unix_programmierung/bilder/10_1.gif]
[openbook.rheinwerk-verlag.de/linux_unix_programmierung/Kap10-003.html]
[openbook.rheinwerk-verlag.de/linux_unix_programmierung/bilderklein/klein10_1.gif]
[openbook.rheinwerk-verlag.de/linux_unix_programmierung/Kap10-004.html]
[openbook.rheinwerk-verlag.de/linux_unix_programmierung/Kap10-005.html]
[openbook.rheinwerk-verlag.de/linux_unix_programmierung/bilder/10_2.gif]
[openbook.rheinwerk-verlag.de/linux_unix_programmierung/bilderklein/klein10_2.gif]
[openbook.rheinwerk-verlag.de/linux_unix_programmierung/Kap10-006.html]
[openbook.rheinwerk-verlag.de/linux_unix_programmierung/Kap10-007.html]
[openbook.rheinwerk-verlag.de/linux_unix_programmierung/Kap10-008.html]
[openbook.rheinwerk-verlag.de/linux_unix_programmierung/Kap10-009.html]
[openbook.rheinwerk-verlag.de/linux_unix_programmierung/Kap10-010.html]
[openbook.rheinwerk-verlag.de/linux_unix_programmierung/Kap10-011.html]
[openbook.rheinwerk-verlag.de/linux_unix_programmierung/Kap10-012.html]
[openbook.rheinwerk-verlag.de/linux_unix_programmierung/bilder/11_1.gif]
[openbook.rheinwerk-verlag.de/linux_unix_programmierung/bilderklein/klein11_1.gif]
[openbook.rheinwerk-verlag.de/linux_unix_programmierung/bilder/11_2.gif]
[openbook.rheinwerk-verlag.de/linux_unix_programmierung/bilderklein/klein11_2.gif]
[openbook.rheinwerk-verlag.de/linux_unix_programmierung/bilder/11_3.gif]
[openbook.rheinwerk-verlag.de/linux_unix_programmierung/bilderklein/klein11_3.gif]
[openbook.rheinwerk-verlag.de/linux_unix_programmierung/Kap11-001.html]
[openbook.rheinwerk-verlag.de/linux_unix_programmierung/Kap11-002.html]
[openbook.rheinwerk-verlag.de/linux_unix_programmierung/Kap11-003.html]
[openbook.rheinwerk-verlag.de/linux_unix_programmierung/bilder/11_4.gif]
[openbook.rheinwerk-verlag.de/linux_unix_programmierung/bilderklein/klein11_4.gif]
[openbook.rheinwerk-verlag.de/linux_unix_programmierung/Kap11-004.html]
[openbook.rheinwerk-verlag.de/linux_unix_programmierung/Kap11-005.html]
[openbook.rheinwerk-verlag.de/linux_unix_programmierung/Kap11-006.html]
[openbook.rheinwerk-verlag.de/linux_unix_programmierung/bilder/11_5.gif]
[openbook.rheinwerk-verlag.de/linux_unix_programmierung/bilderklein/klein11_5.gif]
[openbook.rheinwerk-verlag.de/linux_unix_programmierung/Kap11-007.html]
[openbook.rheinwerk-verlag.de/linux_unix_programmierung/Kap11-008.html]
[openbook.rheinwerk-verlag.de/linux_unix_programmierung/Kap11-009.html]
[openbook.rheinwerk-verlag.de/linux_unix_programmierung/Kap11-010.html]
[openbook.rheinwerk-verlag.de/linux_unix_programmierung/Kap11-011.html]
[openbook.rheinwerk-verlag.de/linux_unix_programmierung/bilder/11_6.gif]
[openbook.rheinwerk-verlag.de/linux_unix_programmierung/bilderklein/klein11_6.gif]
[openbook.rheinwerk-verlag.de/linux_unix_programmierung/bilder/11_7.gif]
[openbook.rheinwerk-verlag.de/linux_unix_programmierung/bilderklein/klein11_7.gif]
[openbook.rheinwerk-verlag.de/linux_unix_programmierung/bilder/11_8.gif]
[openbook.rheinwerk-verlag.de/linux_unix_programmierung/bilderklein/klein11_8.gif]
[openbook.rheinwerk-verlag.de/linux_unix_programmierung/bilder/11_9.gif]
[openbook.rheinwerk-verlag.de/linux_unix_programmierung/bilderklein/klein11_9.gif]
[openbook.rheinwerk-verlag.de/linux_unix_programmierung/Kap11-012.html]
[openbook.rheinwerk-verlag.de/linux_unix_programmierung/bilder/11_10.gif]
[openbook.rheinwerk-verlag.de/linux_unix_programmierung/bilderklein/klein11_10.gif]
[openbook.rheinwerk-verlag.de/linux_unix_programmierung/bilder/11_11.gif]
[openbook.rheinwerk-verlag.de/linux_unix_programmierung/Kap11-013.html]
[openbook.rheinwerk-verlag.de/linux_unix_programmierung/Kap11-014.html]
[openbook.rheinwerk-verlag.de/linux_unix_programmierung/Kap11-015.html]
[openbook.rheinwerk-verlag.de/linux_unix_programmierung/bilderklein/klein11_11.gif]
[openbook.rheinwerk-verlag.de/linux_unix_programmierung/bilder/11_12.gif]
[openbook.rheinwerk-verlag.de/linux_unix_programmierung/bilderklein/klein11_12.gif]
[openbook.rheinwerk-verlag.de/linux_unix_programmierung/bilder/11_13.gif]
[openbook.rheinwerk-verlag.de/linux_unix_programmierung/Kap11-016.html]
[openbook.rheinwerk-verlag.de/linux_unix_programmierung/Kap11-017.html]
[openbook.rheinwerk-verlag.de/linux_unix_programmierung/Kap11-018.html]
[openbook.rheinwerk-verlag.de/linux_unix_programmierung/Kap11-019.html]
[openbook.rheinwerk-verlag.de/linux_unix_programmierung/Kap11-020.html]
[openbook.rheinwerk-verlag.de/linux_unix_programmierung/Kap11-021.html]
[openbook.rheinwerk-verlag.de/linux_unix_programmierung/Kap11-022.html]
[openbook.rheinwerk-verlag.de/linux_unix_programmierung/Kap11-023.html]
[openbook.rheinwerk-verlag.de/linux_unix_programmierung/Kap12-001.html]
[openbook.rheinwerk-verlag.de/linux_unix_programmierung/Kap12-002.html]
[openbook.rheinwerk-verlag.de/linux_unix_programmierung/bilderklein/klein11_13.gif]
[openbook.rheinwerk-verlag.de/linux_unix_programmierung/bilder/12_1.gif]
[openbook.rheinwerk-verlag.de/linux_unix_programmierung/bilderklein/klein12_1.gif]
[openbook.rheinwerk-verlag.de/linux_unix_programmierung/bilder/12_2.gif]
[openbook.rheinwerk-verlag.de/linux_unix_programmierung/bilderklein/klein12_2.gif]
[openbook.rheinwerk-verlag.de/linux_unix_programmierung/Kap12-003.html]
[openbook.rheinwerk-verlag.de/linux_unix_programmierung/Kap12-004.html]
[openbook.rheinwerk-verlag.de/linux_unix_programmierung/bilder/12_3.gif]
[openbook.rheinwerk-verlag.de/linux_unix_programmierung/bilderklein/klein12_3.gif]
[openbook.rheinwerk-verlag.de/linux_unix_programmierung/bilder/12_4.gif]
[openbook.rheinwerk-verlag.de/linux_unix_programmierung/bilderklein/klein12_4.gif]
[openbook.rheinwerk-verlag.de/linux_unix_programmierung/bilder/12_5.gif]
[openbook.rheinwerk-verlag.de/linux_unix_programmierung/bilderklein/klein12_5.gif]
[openbook.rheinwerk-verlag.de/linux_unix_programmierung/bilder/12_6.gif]
[openbook.rheinwerk-verlag.de/linux_unix_programmierung/bilderklein/klein12_6.gif]
[openbook.rheinwerk-verlag.de/linux_unix_programmierung/bilder/12_7.gif]
[openbook.rheinwerk-verlag.de/linux_unix_programmierung/bilderklein/klein12_7.gif]
[openbook.rheinwerk-verlag.de/linux_unix_programmierung/bilder/12_8.gif]
[openbook.rheinwerk-verlag.de/linux_unix_programmierung/bilderklein/klein12_8.gif]
[openbook.rheinwerk-verlag.de/linux_unix_programmierung/bilder/12_9.gif]
[openbook.rheinwerk-verlag.de/linux_unix_programmierung/Kap12-005.html]
[openbook.rheinwerk-verlag.de/linux_unix_programmierung/Kap12-006.html]
[openbook.rheinwerk-verlag.de/linux_unix_programmierung/Kap12-007.html]
[openbook.rheinwerk-verlag.de/linux_unix_programmierung/Kap12-008.html]
[openbook.rheinwerk-verlag.de/linux_unix_programmierung/Kap13-001.html]
[openbook.rheinwerk-verlag.de/linux_unix_programmierung/bilderklein/klein12_9.gif]
[openbook.rheinwerk-verlag.de/linux_unix_programmierung/bilder/13_1.gif]
[openbook.rheinwerk-verlag.de/linux_unix_programmierung/bilderklein/klein13_1.gif]
[openbook.rheinwerk-verlag.de/linux_unix_programmierung/bilder/13_2.gif]
[openbook.rheinwerk-verlag.de/linux_unix_programmierung/bilderklein/klein13_2.gif]
[openbook.rheinwerk-verlag.de/linux_unix_programmierung/bilder/13_3.gif]
[openbook.rheinwerk-verlag.de/linux_unix_programmierung/Kap13-002.html]
[openbook.rheinwerk-verlag.de/linux_unix_programmierung/Kap14-001.html]
[openbook.rheinwerk-verlag.de/linux_unix_programmierung/Kap14-002.html]
[openbook.rheinwerk-verlag.de/linux_unix_programmierung/bilderklein/klein13_3.gif]
[openbook.rheinwerk-verlag.de/linux_unix_programmierung/bilder/14_1.gif]
[openbook.rheinwerk-verlag.de/linux_unix_programmierung/Kap14-003.html]
[openbook.rheinwerk-verlag.de/linux_unix_programmierung/Kap14-004.html]
[openbook.rheinwerk-verlag.de/linux_unix_programmierung/bilderklein/klein14_1.gif]
[openbook.rheinwerk-verlag.de/linux_unix_programmierung/bilder/14_2.gif]
[openbook.rheinwerk-verlag.de/linux_unix_programmierung/bilderklein/klein14_2.gif]
[openbook.rheinwerk-verlag.de/linux_unix_programmierung/Kap14-005.html]
[openbook.rheinwerk-verlag.de/linux_unix_programmierung/bilder/14_3.gif]
[openbook.rheinwerk-verlag.de/linux_unix_programmierung/bilderklein/klein14_3.gif]
[openbook.rheinwerk-verlag.de/linux_unix_programmierung/bilder/14_4.gif]
[openbook.rheinwerk-verlag.de/linux_unix_programmierung/bilderklein/klein14_4.gif]
[openbook.rheinwerk-verlag.de/linux_unix_programmierung/Kap14-006.html]
[openbook.rheinwerk-verlag.de/linux_unix_programmierung/Kap14-007.html]
[openbook.rheinwerk-verlag.de/linux_unix_programmierung/Kap14-008.html]
[openbook.rheinwerk-verlag.de/linux_unix_programmierung/Kap14-009.html]
[openbook.rheinwerk-verlag.de/linux_unix_programmierung/Kap14-010.html]
[openbook.rheinwerk-verlag.de/linux_unix_programmierung/Kap14-011.html]
[openbook.rheinwerk-verlag.de/linux_unix_programmierung/bilder/14_5.gif]
[openbook.rheinwerk-verlag.de/linux_unix_programmierung/bilderklein/klein14_5.gif]
[openbook.rheinwerk-verlag.de/linux_unix_programmierung/Kap14-012.html]
[openbook.rheinwerk-verlag.de/linux_unix_programmierung/bilder/14_6.gif]
[openbook.rheinwerk-verlag.de/linux_unix_programmierung/bilderklein/klein14_6.gif]
[openbook.rheinwerk-verlag.de/linux_unix_programmierung/Kap14-013.html]
[openbook.rheinwerk-verlag.de/linux_unix_programmierung/bilder/14_7.gif]
[openbook.rheinwerk-verlag.de/linux_unix_programmierung/bilderklein/klein14_7.gif]
[openbook.rheinwerk-verlag.de/linux_unix_programmierung/bilder/14_8.gif]
[openbook.rheinwerk-verlag.de/linux_unix_programmierung/Kap14-014.html]
[openbook.rheinwerk-verlag.de/linux_unix_programmierung/bilderklein/klein14_8.gif]
[openbook.rheinwerk-verlag.de/linux_unix_programmierung/bilder/14_9.gif]
[openbook.rheinwerk-verlag.de/linux_unix_programmierung/bilderklein/klein14_9.gif]
[openbook.rheinwerk-verlag.de/linux_unix_programmierung/Kap14-015.html]
[openbook.rheinwerk-verlag.de/linux_unix_programmierung/bilder/14_10.gif]
[openbook.rheinwerk-verlag.de/linux_unix_programmierung/bilderklein/klein14_10.gif]
[openbook.rheinwerk-verlag.de/linux_unix_programmierung/Kap14-016.html]
[openbook.rheinwerk-verlag.de/linux_unix_programmierung/Kap14-017.html]
[openbook.rheinwerk-verlag.de/linux_unix_programmierung/Kap15-001.html]
[openbook.rheinwerk-verlag.de/linux_unix_programmierung/Kap15-002.html]
[openbook.rheinwerk-verlag.de/linux_unix_programmierung/bilder/15_2.gif]
[openbook.rheinwerk-verlag.de/linux_unix_programmierung/bilderklein/klein15_2.gif]
[openbook.rheinwerk-verlag.de/linux_unix_programmierung/bilder/15_3.gif]
[openbook.rheinwerk-verlag.de/linux_unix_programmierung/bilderklein/klein15_3.gif]
[openbook.rheinwerk-verlag.de/linux_unix_programmierung/Kap15-003.html]
[openbook.rheinwerk-verlag.de/linux_unix_programmierung/bilder/15_4.gif]
[openbook.rheinwerk-verlag.de/linux_unix_programmierung/bilderklein/klein15_4.gif]
[openbook.rheinwerk-verlag.de/linux_unix_programmierung/bilder/15_5.gif]
[openbook.rheinwerk-verlag.de/linux_unix_programmierung/bilderklein/klein15_5.gif]
[openbook.rheinwerk-verlag.de/linux_unix_programmierung/Kap15-004.html]
[openbook.rheinwerk-verlag.de/linux_unix_programmierung/bilder/15_6.gif]
[openbook.rheinwerk-verlag.de/linux_unix_programmierung/bilderklein/klein15_6.gif]
[openbook.rheinwerk-verlag.de/linux_unix_programmierung/bilder/15_7.gif]
[openbook.rheinwerk-verlag.de/linux_unix_programmierung/bilderklein/klein15_7.gif]
[openbook.rheinwerk-verlag.de/linux_unix_programmierung/Kap15-005.html]
[openbook.rheinwerk-verlag.de/linux_unix_programmierung/bilder/15_8.gif]
[openbook.rheinwerk-verlag.de/linux_unix_programmierung/bilderklein/klein15_8.gif]
[openbook.rheinwerk-verlag.de/linux_unix_programmierung/bilder/15_9.gif]
[openbook.rheinwerk-verlag.de/linux_unix_programmierung/bilderklein/klein15_9.gif]
[openbook.rheinwerk-verlag.de/linux_unix_programmierung/bilder/15_10.gif]
[openbook.rheinwerk-verlag.de/linux_unix_programmierung/bilderklein/klein15_10.gif]
[openbook.rheinwerk-verlag.de/linux_unix_programmierung/bilder/15_11.gif]
[openbook.rheinwerk-verlag.de/linux_unix_programmierung/Kap15-006.html]
[openbook.rheinwerk-verlag.de/linux_unix_programmierung/bilderklein/klein15_11.gif]
[openbook.rheinwerk-verlag.de/linux_unix_programmierung/bilder/15_12.gif]
[openbook.rheinwerk-verlag.de/linux_unix_programmierung/Kap15-007.html]
[openbook.rheinwerk-verlag.de/linux_unix_programmierung/bilderklein/klein15_12.gif]
[openbook.rheinwerk-verlag.de/linux_unix_programmierung/bilder/15_13.gif]
[openbook.rheinwerk-verlag.de/linux_unix_programmierung/Kap15-008.html]
[openbook.rheinwerk-verlag.de/linux_unix_programmierung/bilderklein/klein15_13.gif]
[openbook.rheinwerk-verlag.de/linux_unix_programmierung/bilder/15_14.gif]
[openbook.rheinwerk-verlag.de/linux_unix_programmierung/bilderklein/klein15_14.gif]
[openbook.rheinwerk-verlag.de/linux_unix_programmierung/bilder/15_15.gif]
[openbook.rheinwerk-verlag.de/linux_unix_programmierung/bilderklein/klein15_15.gif]
[openbook.rheinwerk-verlag.de/linux_unix_programmierung/Kap15-009.html]
[openbook.rheinwerk-verlag.de/linux_unix_programmierung/bilder/15_16.gif]
[openbook.rheinwerk-verlag.de/linux_unix_programmierung/Kap15-010.html]
[openbook.rheinwerk-verlag.de/linux_unix_programmierung/bilderklein/klein15_16.gif]
[openbook.rheinwerk-verlag.de/linux_unix_programmierung/bilder/15_17.gif]
[openbook.rheinwerk-verlag.de/linux_unix_programmierung/bilderklein/klein15_17.gif]
[openbook.rheinwerk-verlag.de/linux_unix_programmierung/bilder/15_18.gif]
[openbook.rheinwerk-verlag.de/linux_unix_programmierung/Kap15-011.html]
[openbook.rheinwerk-verlag.de/linux_unix_programmierung/bilderklein/klein15_18.gif]
[openbook.rheinwerk-verlag.de/linux_unix_programmierung/bilder/15_19.gif]
[openbook.rheinwerk-verlag.de/linux_unix_programmierung/Kap15-012.html]
[openbook.rheinwerk-verlag.de/linux_unix_programmierung/Kap15-013.html]
[openbook.rheinwerk-verlag.de/linux_unix_programmierung/Kap16-001.html]
[openbook.rheinwerk-verlag.de/linux_unix_programmierung/Kap16-002.html]
[openbook.rheinwerk-verlag.de/linux_unix_programmierung/Kap16-003.html]
[openbook.rheinwerk-verlag.de/linux_unix_programmierung/bilderklein/klein15_19.gif]
[openbook.rheinwerk-verlag.de/linux_unix_programmierung/bilder/16_1.gif]
[openbook.rheinwerk-verlag.de/linux_unix_programmierung/Kap16-004.html]
[openbook.rheinwerk-verlag.de/linux_unix_programmierung/bilderklein/klein16_1.gif]
[openbook.rheinwerk-verlag.de/linux_unix_programmierung/bilder/16_2.gif]
[openbook.rheinwerk-verlag.de/linux_unix_programmierung/bilderklein/klein16_2.gif]
[openbook.rheinwerk-verlag.de/linux_unix_programmierung/Kap16-005.html]
[openbook.rheinwerk-verlag.de/linux_unix_programmierung/Kap16-006.html]
[openbook.rheinwerk-verlag.de/linux_unix_programmierung/bilder/16_3.gif]
[openbook.rheinwerk-verlag.de/linux_unix_programmierung/Kap16-007.html]
[openbook.rheinwerk-verlag.de/linux_unix_programmierung/Kap16-008.html]
[openbook.rheinwerk-verlag.de/linux_unix_programmierung/bilderklein/klein16_3.gif]
[openbook.rheinwerk-verlag.de/linux_unix_programmierung/bilder/16_4.gif]
[openbook.rheinwerk-verlag.de/linux_unix_programmierung/Kap16-009.html]
[openbook.rheinwerk-verlag.de/linux_unix_programmierung/bilderklein/klein16_4.gif]
[openbook.rheinwerk-verlag.de/linux_unix_programmierung/bilder/16_5.gif]
[openbook.rheinwerk-verlag.de/linux_unix_programmierung/Kap16-010.html]
[openbook.rheinwerk-verlag.de/linux_unix_programmierung/Kap16-011.html]
[openbook.rheinwerk-verlag.de/linux_unix_programmierung/Kap16-012.html]
[openbook.rheinwerk-verlag.de/linux_unix_programmierung/Kap17-001.html]
[openbook.rheinwerk-verlag.de/linux_unix_programmierung/bilderklein/klein16_5.gif]
[openbook.rheinwerk-verlag.de/linux_unix_programmierung/bilder/17_2.gif]
[openbook.rheinwerk-verlag.de/linux_unix_programmierung/bilderklein/klein17_2.gif]
[openbook.rheinwerk-verlag.de/linux_unix_programmierung/bilder/17_3.gif]
[openbook.rheinwerk-verlag.de/linux_unix_programmierung/Kap17-002.html]
[openbook.rheinwerk-verlag.de/linux_unix_programmierung/bilderklein/klein17_3.gif]
[openbook.rheinwerk-verlag.de/linux_unix_programmierung/bilder/17_4.gif]
[openbook.rheinwerk-verlag.de/linux_unix_programmierung/bilderklein/klein17_4.gif]
[openbook.rheinwerk-verlag.de/linux_unix_programmierung/bilder/17_5.gif]
[openbook.rheinwerk-verlag.de/linux_unix_programmierung/bilderklein/klein17_5.gif]
[openbook.rheinwerk-verlag.de/linux_unix_programmierung/bilder/17_6.gif]
[openbook.rheinwerk-verlag.de/linux_unix_programmierung/bilderklein/klein17_6.gif]
[openbook.rheinwerk-verlag.de/linux_unix_programmierung/bilder/17_7.gif]
[openbook.rheinwerk-verlag.de/linux_unix_programmierung/bilderklein/klein17_7.gif]
[openbook.rheinwerk-verlag.de/linux_unix_programmierung/bilder/17_8.gif]
[openbook.rheinwerk-verlag.de/linux_unix_programmierung/bilderklein/klein17_8.gif]
[openbook.rheinwerk-verlag.de/linux_unix_programmierung/bilder/17_9.gif]
[openbook.rheinwerk-verlag.de/linux_unix_programmierung/bilderklein/klein17_9.gif]
[openbook.rheinwerk-verlag.de/linux_unix_programmierung/bilder/17_10.gif]
[openbook.rheinwerk-verlag.de/linux_unix_programmierung/bilderklein/klein17_10.gif]
[openbook.rheinwerk-verlag.de/linux_unix_programmierung/Kap17-003.html]
[openbook.rheinwerk-verlag.de/linux_unix_programmierung/Kap17-004.html]
[openbook.rheinwerk-verlag.de/linux_unix_programmierung/bilder/17_11.gif]
[openbook.rheinwerk-verlag.de/linux_unix_programmierung/Kap17-005.html]
[openbook.rheinwerk-verlag.de/linux_unix_programmierung/Kap17-006.html]
[openbook.rheinwerk-verlag.de/linux_unix_programmierung/Kap17-007.html]
[openbook.rheinwerk-verlag.de/linux_unix_programmierung/Kap17-008.html]
[openbook.rheinwerk-verlag.de/linux_unix_programmierung/Kap18A-001.html]
[openbook.rheinwerk-verlag.de/linux_unix_programmierung/Kap18A-002.html]
[openbook.rheinwerk-verlag.de/linux_unix_programmierung/Kap18A-003.html]
[openbook.rheinwerk-verlag.de/linux_unix_programmierung/Kap18A-004.html]
[openbook.rheinwerk-verlag.de/linux_unix_programmierung/Kap18A-005.html]
[openbook.rheinwerk-verlag.de/linux_unix_programmierung/Kap18A-006.html]
[openbook.rheinwerk-verlag.de/linux_unix_programmierung/Kap18A-007.html]
[openbook.rheinwerk-verlag.de/linux_unix_programmierung/Kap18A-008.html]
[openbook.rheinwerk-verlag.de/linux_unix_programmierung/Kap18A-009.html]
[openbook.rheinwerk-verlag.de/linux_unix_programmierung/Kap18A-010.html]
[openbook.rheinwerk-verlag.de/linux_unix_programmierung/Kap18A-011.html]
[openbook.rheinwerk-verlag.de/linux_unix_programmierung/Kap18A-012.html]
[openbook.rheinwerk-verlag.de/linux_unix_programmierung/Kap18A-013.html]
[openbook.rheinwerk-verlag.de/linux_unix_programmierung/Kap18A-014.html]
[openbook.rheinwerk-verlag.de/linux_unix_programmierung/Kap18A-015.html]
[openbook.rheinwerk-verlag.de/linux_unix_programmierung/Kap18A-016.html]
[openbook.rheinwerk-verlag.de/linux_unix_programmierung/Kap18B-001.html]
[openbook.rheinwerk-verlag.de/linux_unix_programmierung/Kap18B-002.html]
[openbook.rheinwerk-verlag.de/linux_unix_programmierung/Kap18B-003.html]
[openbook.rheinwerk-verlag.de/linux_unix_programmierung/Kap18B-004.html]
[openbook.rheinwerk-verlag.de/linux_unix_programmierung/Kap18B-005.html]
[openbook.rheinwerk-verlag.de/linux_unix_programmierung/Kap18B-006.html]
[openbook.rheinwerk-verlag.de/linux_unix_programmierung/Kap18B-007.html]
[openbook.rheinwerk-verlag.de/linux_unix_programmierung/Kap18B-008.html]
[openbook.rheinwerk-verlag.de/linux_unix_programmierung/Kap18B-009.html]
[openbook.rheinwerk-verlag.de/linux_unix_programmierung/Kap18B-010.html]
[openbook.rheinwerk-verlag.de/linux_unix_programmierung/Kap18B-011.html]
[openbook.rheinwerk-verlag.de/linux_unix_programmierung/Kap18B-012.html]
[openbook.rheinwerk-verlag.de/linux_unix_programmierung/Kap18B-013.html]
[openbook.rheinwerk-verlag.de/linux_unix_programmierung/Kap18B-014.html]
[openbook.rheinwerk-verlag.de/linux_unix_programmierung/Kap18B-015.html]
[openbook.rheinwerk-verlag.de/linux_unix_programmierung/bilderklein/klein17_11.gif]
